<?xml version="1.0" encoding="UTF-8"?>
<!-- Generated by org.testng.reporters.JUnitXMLReporter -->
<testsuite ignored="0" hostname="rohitpunekar" failures="0" tests="6" name="Default test" time="2.918" errors="0" timestamp="2024-11-15T19:39:54 IST">
  <testcase classname="tests" name="course_number" time="2.145"/>
  <testcase classname="tests" name="purchase_amount" time="0.053"/>
  <testcase classname="tests" name="first_course_title" time="0.098"/>
  <testcase classname="tests" name="all_course_titles_and_prices" time="0.18"/>
  <testcase classname="tests" name="copies_sold_by_RPA_course" time="0.085"/>
  <testcase classname="tests" name="validate_purchase_amount" time="0.172"/>
</testsuite> <!-- Default test -->
