<?xml version="1.0" encoding="UTF-8"?>
<testng-results ignored="0" total="6" passed="6" failed="0" skipped="0">
  <reporter-output>
  </reporter-output>
  <suite started-at="2024-11-15T19:39:51 IST" name="Default suite" finished-at="2024-11-15T19:39:54 IST" duration-ms="2918">
    <groups>
    </groups>
    <test started-at="2024-11-15T19:39:51 IST" name="Default test" finished-at="2024-11-15T19:39:54 IST" duration-ms="2918">
      <class name="tests">
        <test-method is-config="true" signature="initialize()[pri:0, instance:tests@4ff4357f]" started-at="2024-11-15T19:39:51 IST" name="initialize" finished-at="2024-11-15T19:39:51 IST" duration-ms="24" status="PASS">
          <reporter-output>
          </reporter-output>
        </test-method> <!-- initialize -->
        <test-method signature="course_number()[pri:1, instance:tests@4ff4357f]" started-at="2024-11-15T19:39:51 IST" name="course_number" finished-at="2024-11-15T19:39:53 IST" duration-ms="2145" status="PASS">
          <reporter-output>
          </reporter-output>
        </test-method> <!-- course_number -->
        <test-method is-config="true" signature="initialize()[pri:0, instance:tests@4ff4357f]" started-at="2024-11-15T19:39:53 IST" name="initialize" finished-at="2024-11-15T19:39:53 IST" duration-ms="1" status="PASS">
          <reporter-output>
          </reporter-output>
        </test-method> <!-- initialize -->
        <test-method signature="purchase_amount()[pri:2, instance:tests@4ff4357f]" started-at="2024-11-15T19:39:53 IST" name="purchase_amount" finished-at="2024-11-15T19:39:53 IST" duration-ms="53" status="PASS">
          <reporter-output>
          </reporter-output>
        </test-method> <!-- purchase_amount -->
        <test-method is-config="true" signature="initialize()[pri:0, instance:tests@4ff4357f]" started-at="2024-11-15T19:39:53 IST" name="initialize" finished-at="2024-11-15T19:39:53 IST" duration-ms="0" status="PASS">
          <reporter-output>
          </reporter-output>
        </test-method> <!-- initialize -->
        <test-method signature="first_course_title()[pri:3, instance:tests@4ff4357f]" started-at="2024-11-15T19:39:53 IST" name="first_course_title" finished-at="2024-11-15T19:39:53 IST" duration-ms="98" status="PASS">
          <reporter-output>
          </reporter-output>
        </test-method> <!-- first_course_title -->
        <test-method is-config="true" signature="initialize()[pri:0, instance:tests@4ff4357f]" started-at="2024-11-15T19:39:53 IST" name="initialize" finished-at="2024-11-15T19:39:53 IST" duration-ms="1" status="PASS">
          <reporter-output>
          </reporter-output>
        </test-method> <!-- initialize -->
        <test-method signature="all_course_titles_and_prices()[pri:4, instance:tests@4ff4357f]" started-at="2024-11-15T19:39:53 IST" name="all_course_titles_and_prices" finished-at="2024-11-15T19:39:53 IST" duration-ms="180" status="PASS">
          <reporter-output>
          </reporter-output>
        </test-method> <!-- all_course_titles_and_prices -->
        <test-method is-config="true" signature="initialize()[pri:0, instance:tests@4ff4357f]" started-at="2024-11-15T19:39:53 IST" name="initialize" finished-at="2024-11-15T19:39:53 IST" duration-ms="1" status="PASS">
          <reporter-output>
          </reporter-output>
        </test-method> <!-- initialize -->
        <test-method signature="copies_sold_by_RPA_course()[pri:5, instance:tests@4ff4357f]" started-at="2024-11-15T19:39:53 IST" name="copies_sold_by_RPA_course" finished-at="2024-11-15T19:39:53 IST" duration-ms="85" status="PASS">
          <reporter-output>
          </reporter-output>
        </test-method> <!-- copies_sold_by_RPA_course -->
        <test-method is-config="true" signature="initialize()[pri:0, instance:tests@4ff4357f]" started-at="2024-11-15T19:39:53 IST" name="initialize" finished-at="2024-11-15T19:39:53 IST" duration-ms="1" status="PASS">
          <reporter-output>
          </reporter-output>
        </test-method> <!-- initialize -->
        <test-method signature="validate_purchase_amount()[pri:6, instance:tests@4ff4357f]" started-at="2024-11-15T19:39:53 IST" name="validate_purchase_amount" finished-at="2024-11-15T19:39:54 IST" duration-ms="172" status="PASS">
          <reporter-output>
          </reporter-output>
        </test-method> <!-- validate_purchase_amount -->
      </class> <!-- tests -->
    </test> <!-- Default test -->
  </suite> <!-- Default suite -->
</testng-results>
